[github.com/zc17375/e-portfolio-server/]2024/04/08 - 12:14:51.242	[34minfo[0m	H:/edward/project/e-portfolio-server/main.go:24	Serverç›¸é—œè¨­ç½®åˆå§‹åŒ–æˆåŠŸ!!
[github.com/zc17375/e-portfolio-server/]2024/04/08 - 12:14:51.305	[34minfo[0m	H:/edward/project/e-portfolio-server/initialize/router.go:20	register swagger handler
[github.com/zc17375/e-portfolio-server/]2024/04/08 - 12:14:51.306	[34minfo[0m	H:/edward/project/e-portfolio-server/initialize/router.go:39	router register success
[github.com/zc17375/e-portfolio-server/]2024/04/08 - 12:19:47.830	[34minfo[0m	H:/edward/project/e-portfolio-server/main.go:24	Serverç›¸é—œè¨­ç½®åˆå§‹åŒ–æˆåŠŸ!!
[github.com/zc17375/e-portfolio-server/]2024/04/08 - 12:19:47.975	[34minfo[0m	H:/edward/project/e-portfolio-server/initialize/gorm.go:50	register table success
[github.com/zc17375/e-portfolio-server/]2024/04/08 - 12:19:47.983	[34minfo[0m	H:/edward/project/e-portfolio-server/initialize/router.go:20	register swagger handler
[github.com/zc17375/e-portfolio-server/]2024/04/08 - 12:19:47.983	[34minfo[0m	H:/edward/project/e-portfolio-server/initialize/router.go:39	router register success
[github.com/zc17375/e-portfolio-server/]2024/04/08 - 12:53:21.004	[34minfo[0m	H:/edward/project/e-portfolio-server/main.go:24	Serverç›¸é—œè¨­ç½®åˆå§‹åŒ–æˆåŠŸ!!
[github.com/zc17375/e-portfolio-server/]2024/04/08 - 12:53:21.117	[34minfo[0m	H:/edward/project/e-portfolio-server/initialize/gorm.go:50	register table success
[github.com/zc17375/e-portfolio-server/]2024/04/08 - 12:53:21.117	[34minfo[0m	H:/edward/project/e-portfolio-server/initialize/router.go:20	register swagger handler
[github.com/zc17375/e-portfolio-server/]2024/04/08 - 12:53:21.117	[34minfo[0m	H:/edward/project/e-portfolio-server/initialize/router.go:39	router register success
[github.com/zc17375/e-portfolio-server/]2024/04/08 - 12:53:21.124	[34minfo[0m	H:/edward/project/e-portfolio-server/cmd/server.go:28	server run success on 	{"address": ":8888"}
[github.com/zc17375/e-portfolio-server/]2024/04/08 - 12:55:05.380	[34minfo[0m	H:/edward/project/e-portfolio-server/main.go:24	Serverç›¸é—œè¨­ç½®åˆå§‹åŒ–æˆåŠŸ!!
[github.com/zc17375/e-portfolio-server/]2024/04/08 - 12:55:05.492	[34minfo[0m	H:/edward/project/e-portfolio-server/initialize/gorm.go:50	register table success
[github.com/zc17375/e-portfolio-server/]2024/04/08 - 12:55:05.492	[34minfo[0m	H:/edward/project/e-portfolio-server/initialize/router.go:20	register swagger handler
[github.com/zc17375/e-portfolio-server/]2024/04/08 - 12:55:05.492	[34minfo[0m	H:/edward/project/e-portfolio-server/initialize/router.go:39	router register success
[github.com/zc17375/e-portfolio-server/]2024/04/08 - 12:55:05.503	[34minfo[0m	H:/edward/project/e-portfolio-server/cmd/server.go:28	server run success on 	{"address": ":8888"}
[github.com/zc17375/e-portfolio-server/]2024/04/08 - 13:01:42.722	[34minfo[0m	H:/edward/project/e-portfolio-server/main.go:24	Serverç›¸é—œè¨­ç½®åˆå§‹åŒ–æˆåŠŸ!!
[github.com/zc17375/e-portfolio-server/]2024/04/08 - 13:01:42.831	[34minfo[0m	H:/edward/project/e-portfolio-server/initialize/gorm.go:50	register table success
[github.com/zc17375/e-portfolio-server/]2024/04/08 - 13:01:42.831	[34minfo[0m	H:/edward/project/e-portfolio-server/initialize/router.go:20	register swagger handler
[github.com/zc17375/e-portfolio-server/]2024/04/08 - 13:01:42.831	[34minfo[0m	H:/edward/project/e-portfolio-server/initialize/router.go:39	router register success
[github.com/zc17375/e-portfolio-server/]2024/04/08 - 13:01:42.845	[34minfo[0m	H:/edward/project/e-portfolio-server/cmd/server.go:28	server run success on 	{"address": ":8888"}
